Flow report for GPS_TIME_DISPLAY
Thu Jun 05 15:48:46 2025
Quartus II 64-Bit Version 15.0.0 Build 145 04/22/2015 SJ Full Version


---------------------
; Table of Contents ;
---------------------
  1. Legal Notice
  2. Flow Summary
  3. Flow Settings
  4. Flow Non-Default Global Settings
  5. Flow Elapsed Time
  6. Flow OS Summary
  7. Flow Log
  8. Flow Messages
  9. Flow Suppressed Messages



----------------
; Legal Notice ;
----------------
Copyright (C) 1991-2015 Altera Corporation. All rights reserved.
Your use of Altera Corporation's design tools, logic functions 
and other software and tools, and its AMPP partner logic 
functions, and any output files from any of the foregoing 
(including device programming or simulation files), and any 
associated documentation or information are expressly subject 
to the terms and conditions of the Altera Program License 
Subscription Agreement, the Altera Quartus II License Agreement,
the Altera MegaCore Function License Agreement, or other 
applicable license agreement, including, without limitation, 
that your use is for the sole purpose of programming logic 
devices manufactured by Altera and sold by Altera or its 
authorized distributors.  Please refer to the applicable 
agreement for further details.



+----------------------------------------------------------------------------------+
; Flow Summary                                                                     ;
+------------------------------------+---------------------------------------------+
; Flow Status                        ; Successful - Thu Jun 05 15:48:46 2025       ;
; Quartus II 64-Bit Version          ; 15.0.0 Build 145 04/22/2015 SJ Full Version ;
; Revision Name                      ; GPS_TIME_DISPLAY                            ;
; Top-level Entity Name              ; top_level                                   ;
; Family                             ; Cyclone IV E                                ;
; Device                             ; EP4CE6E22C8                                 ;
; Timing Models                      ; Final                                       ;
; Total logic elements               ; 617 / 6,272 ( 10 % )                        ;
;     Total combinational functions  ; 496 / 6,272 ( 8 % )                         ;
;     Dedicated logic registers      ; 423 / 6,272 ( 7 % )                         ;
; Total registers                    ; 423                                         ;
; Total pins                         ; 7 / 92 ( 8 % )                              ;
; Total virtual pins                 ; 0                                           ;
; Total memory bits                  ; 0 / 276,480 ( 0 % )                         ;
; Embedded Multiplier 9-bit elements ; 4 / 30 ( 13 % )                             ;
; Total PLLs                         ; 0 / 2 ( 0 % )                               ;
+------------------------------------+---------------------------------------------+


+-----------------------------------------+
; Flow Settings                           ;
+-------------------+---------------------+
; Option            ; Setting             ;
+-------------------+---------------------+
; Start date & time ; 06/05/2025 15:48:09 ;
; Main task         ; Compilation         ;
; Revision Name     ; GPS_TIME_DISPLAY    ;
+-------------------+---------------------+


+------------------------------------------------------------------------------------------------------------------------+
; Flow Non-Default Global Settings                                                                                       ;
+-------------------------------------+--------------------------------+------------------+-------------+----------------+
; Assignment Name                     ; Value                          ; Default Value    ; Entity Name ; Section Id     ;
+-------------------------------------+--------------------------------+------------------+-------------+----------------+
; COMPILER_SIGNATURE_ID               ; 53067943654481.174910968906316 ; --               ; --          ; --             ;
; EDA_OUTPUT_DATA_FORMAT              ; Verilog Hdl                    ; --               ; --          ; eda_simulation ;
; EDA_SIMULATION_TOOL                 ; ModelSim (Verilog)             ; <None>           ; --          ; --             ;
; EDA_TIME_SCALE                      ; 1 ps                           ; --               ; --          ; eda_simulation ;
; MAX_CORE_JUNCTION_TEMP              ; 85                             ; --               ; --          ; --             ;
; MIN_CORE_JUNCTION_TEMP              ; 0                              ; --               ; --          ; --             ;
; NOMINAL_CORE_SUPPLY_VOLTAGE         ; 1.2V                           ; --               ; --          ; --             ;
; PARTITION_COLOR                     ; 16764057                       ; --               ; top_level   ; Top            ;
; PARTITION_FITTER_PRESERVATION_LEVEL ; PLACEMENT_AND_ROUTING          ; --               ; top_level   ; Top            ;
; PARTITION_NETLIST_TYPE              ; SOURCE                         ; --               ; top_level   ; Top            ;
; PROJECT_OUTPUT_DIRECTORY            ; output_files                   ; --               ; --          ; --             ;
; TOP_LEVEL_ENTITY                    ; top_level                      ; GPS_TIME_DISPLAY ; --          ; --             ;
+-------------------------------------+--------------------------------+------------------+-------------+----------------+


+-------------------------------------------------------------------------------------------------------------------------------+
; Flow Elapsed Time                                                                                                             ;
+---------------------------+--------------+-------------------------+---------------------+------------------------------------+
; Module Name               ; Elapsed Time ; Average Processors Used ; Peak Virtual Memory ; Total CPU Time (on all processors) ;
+---------------------------+--------------+-------------------------+---------------------+------------------------------------+
; Analysis & Synthesis      ; 00:00:13     ; 1.0                     ; 4901 MB             ; 00:00:22                           ;
; Fitter                    ; 00:00:07     ; 1.0                     ; 6264 MB             ; 00:00:08                           ;
; Assembler                 ; 00:00:02     ; 1.0                     ; 4745 MB             ; 00:00:01                           ;
; TimeQuest Timing Analyzer ; 00:00:04     ; 1.0                     ; 4960 MB             ; 00:00:02                           ;
; EDA Netlist Writer        ; 00:00:04     ; 1.0                     ; 4722 MB             ; 00:00:02                           ;
; Total                     ; 00:00:30     ; --                      ; --                  ; 00:00:35                           ;
+---------------------------+--------------+-------------------------+---------------------+------------------------------------+


+----------------------------------------------------------------------------------------+
; Flow OS Summary                                                                        ;
+---------------------------+------------------+-----------+------------+----------------+
; Module Name               ; Machine Hostname ; OS Name   ; OS Version ; Processor type ;
+---------------------------+------------------+-----------+------------+----------------+
; Analysis & Synthesis      ; dybztmds         ; Windows 7 ; 6.2        ; x86_64         ;
; Fitter                    ; dybztmds         ; Windows 7 ; 6.2        ; x86_64         ;
; Assembler                 ; dybztmds         ; Windows 7 ; 6.2        ; x86_64         ;
; TimeQuest Timing Analyzer ; dybztmds         ; Windows 7 ; 6.2        ; x86_64         ;
; EDA Netlist Writer        ; dybztmds         ; Windows 7 ; 6.2        ; x86_64         ;
+---------------------------+------------------+-----------+------------+----------------+


------------
; Flow Log ;
------------
quartus_map --read_settings_files=on --write_settings_files=off GPS_TIME_DISPLAY -c GPS_TIME_DISPLAY
quartus_fit --read_settings_files=off --write_settings_files=off GPS_TIME_DISPLAY -c GPS_TIME_DISPLAY
quartus_asm --read_settings_files=off --write_settings_files=off GPS_TIME_DISPLAY -c GPS_TIME_DISPLAY
quartus_sta GPS_TIME_DISPLAY -c GPS_TIME_DISPLAY
quartus_eda --read_settings_files=off --write_settings_files=off GPS_TIME_DISPLAY -c GPS_TIME_DISPLAY



