C51 COMPILER V9.54   MAIN                                                                  04/14/2024 11:37:21 PAGE 1   


C51 COMPILER V9.54, COMPILATION OF MODULE MAIN
OBJECT MODULE PLACED IN .\Objects\main.obj
COMPILER INVOKED BY: D:\Keil C51\C51\BIN\C51.EXE main.c OPTIMIZE(8,SPEED) BROWSE DEBUG OBJECTEXTEND PRINT(.\Listings\mai
                    -n.lst) OBJECT(.\Objects\main.obj)

line level    source

   1          #include <reg52.h>
   2          
   3          sbit P1_0 = P1^0;
   4          
   5          void Timer0_Init(void)
   6          {
   7   1              TMOD &= 0xF0;           //设置定时器模式
   8   1              TMOD |= 0x01;           //设置定时器模式
   9   1              TL0 = 0x66;             //设置定时初值
  10   1              TH0 = 0xFC;             //设置定时初值
  11   1              TF0 = 0;                //清除TF0标志
  12   1              TR0 = 1;                //定时器0开始计时
  13   1              ET0=1;
  14   1              EA=1;
  15   1              PT0=0;
  16   1      }
  17          
  18          void Delay(unsigned int x)
  19          {
  20   1              unsigned char i,j;
  21   1              while(x--)
  22   1              {
  23   2                      i = 2;
  24   2                      j = 239;
  25   2                      do
  26   2                      {
  27   3                              while (--j);
  28   3                      } while (--i);
  29   2              }
  30   1      }
  31          
  32          unsigned int moshi=0;                   // 0右移      1左移
  33          unsigned int a=0,b=0;
  34          
  35          void LED()
  36          {
  37   1              switch(moshi)
  38   1              {
  39   2                      case 0:P2=0x80>>a;a++;if(a==8)a=0;b=8-a;break;  // 右移
  40   2                      case 1:P2=0x01<<b;b++;if(b==8)b=0;a=8-b;break;  // 左移
  41   2              }
  42   1      }
  43          
  44          void main()
  45          {
  46   1              Timer0_Init();
  47   1              while(1)
  48   1              {
  49   2                      if(P1_0==1)
  50   2                      {       
  51   3                              Delay(20);
  52   3                              while(P1_0==1);
  53   3                              Delay(20);
  54   3                              moshi=1-moshi;
C51 COMPILER V9.54   MAIN                                                                  04/14/2024 11:37:21 PAGE 2   

  55   3                      }
  56   2              }
  57   1      }
  58          unsigned int count = 922;
  59          void Timer0() interrupt 1
  60          {
  61   1              TL0 = 0x66;
  62   1              TH0 = 0xFC;
  63   1              count++;
  64   1              if(count>922)
  65   1              {
  66   2                      LED();
  67   2                      count = 0;
  68   2              }
  69   1      }


MODULE INFORMATION:   STATIC OVERLAYABLE
   CODE SIZE        =    237    ----
   CONSTANT SIZE    =   ----    ----
   XDATA SIZE       =   ----    ----
   PDATA SIZE       =   ----    ----
   DATA SIZE        =      8    ----
   IDATA SIZE       =   ----    ----
   BIT SIZE         =   ----    ----
END OF MODULE INFORMATION.


C51 COMPILATION COMPLETE.  0 WARNING(S),  0 ERROR(S)
