C51 COMPILER V9.54   MATRIXKEY                                                             06/20/2024 17:18:59 PAGE 1   


C51 COMPILER V9.54, COMPILATION OF MODULE MATRIXKEY
OBJECT MODULE PLACED IN .\Objects\MatrixKey.obj
COMPILER INVOKED BY: D:\Keil C51\C51\BIN\C51.EXE MatrixKey.c OPTIMIZE(8,SPEED) BROWSE DEBUG OBJECTEXTEND PRINT(.\Listing
                    -s\MatrixKey.lst) OBJECT(.\Objects\MatrixKey.obj)

line level    source

   1          #include <REGX52.H>
   2          #include "Delay.h"
   3          unsigned char MatrixKey()
   4          {
   5   1              unsigned char KeyNumber=16;
   6   1              P1=0xff;
   7   1              P1_3=0;
   8   1              if(P1_7==0){Delay(20);while(P1_7==0);Delay(20);KeyNumber=1;}
   9   1              if(P1_6==0){Delay(20);while(P1_6==0);Delay(20);KeyNumber=4;}
  10   1              if(P1_5==0){Delay(20);while(P1_5==0);Delay(20);KeyNumber=7;}
  11   1              if(P1_4==0){Delay(20);while(P1_4==0);Delay(20);KeyNumber=0;}
  12   1              
  13   1              P1=0xff;
  14   1              P1_2=0;
  15   1              if(P1_7==0){Delay(20);while(P1_7==0);Delay(20);KeyNumber=2;}
  16   1              if(P1_6==0){Delay(20);while(P1_6==0);Delay(20);KeyNumber=5;}
  17   1              if(P1_5==0){Delay(20);while(P1_5==0);Delay(20);KeyNumber=8;}
  18   1              if(P1_4==0){Delay(20);while(P1_4==0);Delay(20);KeyNumber=14;}
  19   1              
  20   1              P1=0xff;
  21   1              P1_1=0;
  22   1              if(P1_7==0){Delay(20);while(P1_7==0);Delay(20);KeyNumber=3;}
  23   1              if(P1_6==0){Delay(20);while(P1_6==0);Delay(20);KeyNumber=6;}
  24   1              if(P1_5==0){Delay(20);while(P1_5==0);Delay(20);KeyNumber=9;}
  25   1              if(P1_4==0){Delay(20);while(P1_4==0);Delay(20);KeyNumber=15;}
  26   1              
  27   1              P1=0xff;
  28   1              P1_0=0;
  29   1              if(P1_7==0){Delay(20);while(P1_7==0);Delay(20);KeyNumber=10;}
  30   1              if(P1_6==0){Delay(20);while(P1_6==0);Delay(20);KeyNumber=11;}
  31   1              if(P1_5==0){Delay(20);while(P1_5==0);Delay(20);KeyNumber=12;}
  32   1              if(P1_4==0){Delay(20);while(P1_4==0);Delay(20);KeyNumber=13;}
  33   1              return KeyNumber;
  34   1      }


MODULE INFORMATION:   STATIC OVERLAYABLE
   CODE SIZE        =    330    ----
   CONSTANT SIZE    =   ----    ----
   XDATA SIZE       =   ----    ----
   PDATA SIZE       =   ----    ----
   DATA SIZE        =   ----       1
   IDATA SIZE       =   ----    ----
   BIT SIZE         =   ----    ----
END OF MODULE INFORMATION.


C51 COMPILATION COMPLETE.  0 WARNING(S),  0 ERROR(S)
