Analysis & Synthesis report for top
Tue May 27 17:30:57 2025
Quartus II 64-Bit Version 13.0.1 Build 232 06/12/2013 Service Pack 1 SJ Full Version


---------------------
; Table of Contents ;
---------------------
  1. Legal Notice
  2. Analysis & Synthesis Summary
  3. Analysis & Synthesis Settings
  4. Parallel Compilation
  5. Analysis & Synthesis Source Files Read
  6. Analysis & Synthesis Resource Usage Summary
  7. Analysis & Synthesis Resource Utilization by Entity
  8. Analysis & Synthesis DSP Block Usage Summary
  9. General Register Statistics
 10. Parameter Settings for Inferred Entity Instance: mul:mul|lpm_mult:Mult0
 11. Parameter Settings for Inferred Entity Instance: mul_extend:mul_extend|lpm_mult:Mult1
 12. lpm_mult Parameter Settings by Entity Instance
 13. Elapsed Time Per Partition
 14. Analysis & Synthesis Messages



----------------
; Legal Notice ;
----------------
Copyright (C) 1991-2013 Altera Corporation
Your use of Altera Corporation's design tools, logic functions 
and other software and tools, and its AMPP partner logic 
functions, and any output files from any of the foregoing 
(including device programming or simulation files), and any 
associated documentation or information are expressly subject 
to the terms and conditions of the Altera Program License 
Subscription Agreement, Altera MegaCore Function License 
Agreement, or other applicable license agreement, including, 
without limitation, that your use is for the sole purpose of 
programming logic devices manufactured by Altera and sold by 
Altera or its authorized distributors.  Please refer to the 
applicable agreement for further details.



+---------------------------------------------------------------------------------------+
; Analysis & Synthesis Summary                                                          ;
+------------------------------------+--------------------------------------------------+
; Analysis & Synthesis Status        ; Successful - Tue May 27 17:30:57 2025            ;
; Quartus II 64-Bit Version          ; 13.0.1 Build 232 06/12/2013 SP 1 SJ Full Version ;
; Revision Name                      ; top                                              ;
; Top-level Entity Name              ; top                                              ;
; Family                             ; Cyclone IV E                                     ;
; Total logic elements               ; 27                                               ;
;     Total combinational functions  ; 27                                               ;
;     Dedicated logic registers      ; 0                                                ;
; Total registers                    ; 0                                                ;
; Total pins                         ; 94                                               ;
; Total virtual pins                 ; 0                                                ;
; Total memory bits                  ; 0                                                ;
; Embedded Multiplier 9-bit elements ; 3                                                ;
; Total PLLs                         ; 0                                                ;
+------------------------------------+--------------------------------------------------+


+----------------------------------------------------------------------------------------------------------------------+
; Analysis & Synthesis Settings                                                                                        ;
+----------------------------------------------------------------------------+--------------------+--------------------+
; Option                                                                     ; Setting            ; Default Value      ;
+----------------------------------------------------------------------------+--------------------+--------------------+
; Top-level entity name                                                      ; top                ; top                ;
; Family name                                                                ; Cyclone IV E       ; Cyclone IV GX      ;
; Use smart compilation                                                      ; Off                ; Off                ;
; Enable parallel Assembler and TimeQuest Timing Analyzer during compilation ; On                 ; On                 ;
; Enable compact report table                                                ; Off                ; Off                ;
; Restructure Multiplexers                                                   ; Auto               ; Auto               ;
; Create Debugging Nodes for IP Cores                                        ; Off                ; Off                ;
; Preserve fewer node names                                                  ; On                 ; On                 ;
; Disable OpenCore Plus hardware evaluation                                  ; Off                ; Off                ;
; Verilog Version                                                            ; Verilog_2001       ; Verilog_2001       ;
; VHDL Version                                                               ; VHDL_1993          ; VHDL_1993          ;
; State Machine Processing                                                   ; Auto               ; Auto               ;
; Safe State Machine                                                         ; Off                ; Off                ;
; Extract Verilog State Machines                                             ; On                 ; On                 ;
; Extract VHDL State Machines                                                ; On                 ; On                 ;
; Ignore Verilog initial constructs                                          ; Off                ; Off                ;
; Iteration limit for constant Verilog loops                                 ; 5000               ; 5000               ;
; Iteration limit for non-constant Verilog loops                             ; 250                ; 250                ;
; Add Pass-Through Logic to Inferred RAMs                                    ; On                 ; On                 ;
; Infer RAMs from Raw Logic                                                  ; On                 ; On                 ;
; Parallel Synthesis                                                         ; On                 ; On                 ;
; DSP Block Balancing                                                        ; Auto               ; Auto               ;
; NOT Gate Push-Back                                                         ; On                 ; On                 ;
; Power-Up Don't Care                                                        ; On                 ; On                 ;
; Remove Redundant Logic Cells                                               ; Off                ; Off                ;
; Remove Duplicate Registers                                                 ; On                 ; On                 ;
; Ignore CARRY Buffers                                                       ; Off                ; Off                ;
; Ignore CASCADE Buffers                                                     ; Off                ; Off                ;
; Ignore GLOBAL Buffers                                                      ; Off                ; Off                ;
; Ignore ROW GLOBAL Buffers                                                  ; Off                ; Off                ;
; Ignore LCELL Buffers                                                       ; Off                ; Off                ;
; Ignore SOFT Buffers                                                        ; On                 ; On                 ;
; Limit AHDL Integers to 32 Bits                                             ; Off                ; Off                ;
; Optimization Technique                                                     ; Balanced           ; Balanced           ;
; Carry Chain Length                                                         ; 70                 ; 70                 ;
; Auto Carry Chains                                                          ; On                 ; On                 ;
; Auto Open-Drain Pins                                                       ; On                 ; On                 ;
; Perform WYSIWYG Primitive Resynthesis                                      ; Off                ; Off                ;
; Auto ROM Replacement                                                       ; On                 ; On                 ;
; Auto RAM Replacement                                                       ; On                 ; On                 ;
; Auto DSP Block Replacement                                                 ; On                 ; On                 ;
; Auto Shift Register Replacement                                            ; Auto               ; Auto               ;
; Allow Shift Register Merging across Hierarchies                            ; Auto               ; Auto               ;
; Auto Clock Enable Replacement                                              ; On                 ; On                 ;
; Strict RAM Replacement                                                     ; Off                ; Off                ;
; Allow Synchronous Control Signals                                          ; On                 ; On                 ;
; Force Use of Synchronous Clear Signals                                     ; Off                ; Off                ;
; Auto RAM Block Balancing                                                   ; On                 ; On                 ;
; Auto RAM to Logic Cell Conversion                                          ; Off                ; Off                ;
; Auto Resource Sharing                                                      ; Off                ; Off                ;
; Allow Any RAM Size For Recognition                                         ; Off                ; Off                ;
; Allow Any ROM Size For Recognition                                         ; Off                ; Off                ;
; Allow Any Shift Register Size For Recognition                              ; Off                ; Off                ;
; Use LogicLock Constraints during Resource Balancing                        ; On                 ; On                 ;
; Ignore translate_off and synthesis_off directives                          ; Off                ; Off                ;
; Timing-Driven Synthesis                                                    ; On                 ; On                 ;
; Report Parameter Settings                                                  ; On                 ; On                 ;
; Report Source Assignments                                                  ; On                 ; On                 ;
; Report Connectivity Checks                                                 ; On                 ; On                 ;
; Ignore Maximum Fan-Out Assignments                                         ; Off                ; Off                ;
; Synchronization Register Chain Length                                      ; 2                  ; 2                  ;
; PowerPlay Power Optimization                                               ; Normal compilation ; Normal compilation ;
; HDL message level                                                          ; Level2             ; Level2             ;
; Suppress Register Optimization Related Messages                            ; Off                ; Off                ;
; Number of Removed Registers Reported in Synthesis Report                   ; 5000               ; 5000               ;
; Number of Swept Nodes Reported in Synthesis Report                         ; 5000               ; 5000               ;
; Number of Inverted Registers Reported in Synthesis Report                  ; 100                ; 100                ;
; Clock MUX Protection                                                       ; On                 ; On                 ;
; Auto Gated Clock Conversion                                                ; Off                ; Off                ;
; Block Design Naming                                                        ; Auto               ; Auto               ;
; SDC constraint protection                                                  ; Off                ; Off                ;
; Synthesis Effort                                                           ; Auto               ; Auto               ;
; Shift Register Replacement - Allow Asynchronous Clear Signal               ; On                 ; On                 ;
; Pre-Mapping Resynthesis Optimization                                       ; Off                ; Off                ;
; Analysis & Synthesis Message Level                                         ; Medium             ; Medium             ;
; Disable Register Merging Across Hierarchies                                ; Auto               ; Auto               ;
; Resource Aware Inference For Block RAM                                     ; On                 ; On                 ;
; Synthesis Seed                                                             ; 1                  ; 1                  ;
+----------------------------------------------------------------------------+--------------------+--------------------+


+------------------------------------------+
; Parallel Compilation                     ;
+----------------------------+-------------+
; Processors                 ; Number      ;
+----------------------------+-------------+
; Number detected on machine ; 16          ;
; Maximum allowed            ; 16          ;
;                            ;             ;
; Average used               ; 1.00        ;
; Maximum used               ; 1           ;
;                            ;             ;
; Usage by Processor         ; % Time Used ;
;     Processor 1            ; 100.0%      ;
;     Processors 2-16        ;   0.0%      ;
+----------------------------+-------------+


+----------------------------------------------------------------------------------------------------------------------------------------------------------------------+
; Analysis & Synthesis Source Files Read                                                                                                                               ;
+----------------------------------+-----------------+------------------------------+------------------------------------------------------------------------+---------+
; File Name with User-Entered Path ; Used in Netlist ; File Type                    ; File Name with Absolute Path                                           ; Library ;
+----------------------------------+-----------------+------------------------------+------------------------------------------------------------------------+---------+
; top.v                            ; yes             ; User Verilog HDL File        ; D:/Desktop/FPGA/QuartusII/3.top/top.v                                  ;         ;
; add.v                            ; yes             ; User Verilog HDL File        ; D:/Desktop/FPGA/QuartusII/3.top/add.v                                  ;         ;
; mul.v                            ; yes             ; User Verilog HDL File        ; D:/Desktop/FPGA/QuartusII/3.top/mul.v                                  ;         ;
; mul_extend.v                     ; yes             ; User Verilog HDL File        ; D:/Desktop/FPGA/QuartusII/3.top/mul_extend.v                           ;         ;
; lpm_mult.tdf                     ; yes             ; Megafunction                 ; d:/fpga/quartusii_13.0/quartus/libraries/megafunctions/lpm_mult.tdf    ;         ;
; aglobal130.inc                   ; yes             ; Megafunction                 ; d:/fpga/quartusii_13.0/quartus/libraries/megafunctions/aglobal130.inc  ;         ;
; lpm_add_sub.inc                  ; yes             ; Megafunction                 ; d:/fpga/quartusii_13.0/quartus/libraries/megafunctions/lpm_add_sub.inc ;         ;
; multcore.inc                     ; yes             ; Megafunction                 ; d:/fpga/quartusii_13.0/quartus/libraries/megafunctions/multcore.inc    ;         ;
; bypassff.inc                     ; yes             ; Megafunction                 ; d:/fpga/quartusii_13.0/quartus/libraries/megafunctions/bypassff.inc    ;         ;
; altshift.inc                     ; yes             ; Megafunction                 ; d:/fpga/quartusii_13.0/quartus/libraries/megafunctions/altshift.inc    ;         ;
; db/mult_eat.tdf                  ; yes             ; Auto-Generated Megafunction  ; D:/Desktop/FPGA/QuartusII/3.top/db/mult_eat.tdf                        ;         ;
; db/mult_ubt.tdf                  ; yes             ; Auto-Generated Megafunction  ; D:/Desktop/FPGA/QuartusII/3.top/db/mult_ubt.tdf                        ;         ;
+----------------------------------+-----------------+------------------------------+------------------------------------------------------------------------+---------+


+---------------------------------------------------------------------------------------------------------------------+
; Analysis & Synthesis Resource Usage Summary                                                                         ;
+---------------------------------------------+-----------------------------------------------------------------------+
; Resource                                    ; Usage                                                                 ;
+---------------------------------------------+-----------------------------------------------------------------------+
; Estimated Total logic elements              ; 27                                                                    ;
;                                             ;                                                                       ;
; Total combinational functions               ; 27                                                                    ;
; Logic element usage by number of LUT inputs ;                                                                       ;
;     -- 4 input functions                    ; 0                                                                     ;
;     -- 3 input functions                    ; 24                                                                    ;
;     -- <=2 input functions                  ; 3                                                                     ;
;                                             ;                                                                       ;
; Logic elements by mode                      ;                                                                       ;
;     -- normal mode                          ; 3                                                                     ;
;     -- arithmetic mode                      ; 24                                                                    ;
;                                             ;                                                                       ;
; Total registers                             ; 0                                                                     ;
;     -- Dedicated logic registers            ; 0                                                                     ;
;     -- I/O registers                        ; 0                                                                     ;
;                                             ;                                                                       ;
; I/O pins                                    ; 94                                                                    ;
; Embedded Multiplier 9-bit elements          ; 3                                                                     ;
; Maximum fan-out node                        ; mul_extend:mul_extend|lpm_mult:Mult1|mult_ubt:auto_generated|mac_out2 ;
; Maximum fan-out                             ; 27                                                                    ;
; Total fan-out                               ; 241                                                                   ;
; Average fan-out                             ; 1.10                                                                  ;
+---------------------------------------------+-----------------------------------------------------------------------+


+-----------------------------------------------------------------------------------------------------------------------------------------------------------------------------------------------------------------------------------+
; Analysis & Synthesis Resource Utilization by Entity                                                                                                                                                                               ;
+------------------------------------+-------------------+--------------+-------------+--------------+---------+-----------+------+--------------+-------------------------------------------------------------------+--------------+
; Compilation Hierarchy Node         ; LC Combinationals ; LC Registers ; Memory Bits ; DSP Elements ; DSP 9x9 ; DSP 18x18 ; Pins ; Virtual Pins ; Full Hierarchy Name                                               ; Library Name ;
+------------------------------------+-------------------+--------------+-------------+--------------+---------+-----------+------+--------------+-------------------------------------------------------------------+--------------+
; |top                               ; 27 (0)            ; 0 (0)        ; 0           ; 3            ; 1       ; 1         ; 94   ; 0            ; |top                                                              ; work         ;
;    |add:add_1|                     ; 9 (9)             ; 0 (0)        ; 0           ; 0            ; 0       ; 0         ; 0    ; 0            ; |top|add:add_1                                                    ; work         ;
;    |add:add_2|                     ; 9 (9)             ; 0 (0)        ; 0           ; 0            ; 0       ; 0         ; 0    ; 0            ; |top|add:add_2                                                    ; work         ;
;    |add:add_3|                     ; 9 (9)             ; 0 (0)        ; 0           ; 0            ; 0       ; 0         ; 0    ; 0            ; |top|add:add_3                                                    ; work         ;
;    |mul:mul|                       ; 0 (0)             ; 0 (0)        ; 0           ; 1            ; 1       ; 0         ; 0    ; 0            ; |top|mul:mul                                                      ; work         ;
;       |lpm_mult:Mult0|             ; 0 (0)             ; 0 (0)        ; 0           ; 1            ; 1       ; 0         ; 0    ; 0            ; |top|mul:mul|lpm_mult:Mult0                                       ; work         ;
;          |mult_eat:auto_generated| ; 0 (0)             ; 0 (0)        ; 0           ; 1            ; 1       ; 0         ; 0    ; 0            ; |top|mul:mul|lpm_mult:Mult0|mult_eat:auto_generated               ; work         ;
;    |mul_extend:mul_extend|         ; 0 (0)             ; 0 (0)        ; 0           ; 2            ; 0       ; 1         ; 0    ; 0            ; |top|mul_extend:mul_extend                                        ; work         ;
;       |lpm_mult:Mult1|             ; 0 (0)             ; 0 (0)        ; 0           ; 2            ; 0       ; 1         ; 0    ; 0            ; |top|mul_extend:mul_extend|lpm_mult:Mult1                         ; work         ;
;          |mult_ubt:auto_generated| ; 0 (0)             ; 0 (0)        ; 0           ; 2            ; 0       ; 1         ; 0    ; 0            ; |top|mul_extend:mul_extend|lpm_mult:Mult1|mult_ubt:auto_generated ; work         ;
+------------------------------------+-------------------+--------------+-------------+--------------+---------+-----------+------+--------------+-------------------------------------------------------------------+--------------+
Note: For table entries with two numbers listed, the numbers in parentheses indicate the number of resources of the given type used by the specific entity alone. The numbers listed outside of parentheses indicate the total resources of the given type used by the specific entity and all of its sub-entities in the hierarchy.


+-----------------------------------------------------+
; Analysis & Synthesis DSP Block Usage Summary        ;
+---------------------------------------+-------------+
; Statistic                             ; Number Used ;
+---------------------------------------+-------------+
; Simple Multipliers (9-bit)            ; 1           ;
; Simple Multipliers (18-bit)           ; 1           ;
; Embedded Multiplier Blocks            ; --          ;
; Embedded Multiplier 9-bit elements    ; 3           ;
; Signed Embedded Multipliers           ; 0           ;
; Unsigned Embedded Multipliers         ; 2           ;
; Mixed Sign Embedded Multipliers       ; 0           ;
; Variable Sign Embedded Multipliers    ; 0           ;
; Dedicated Input Shift Register Chains ; 0           ;
+---------------------------------------+-------------+
Note: number of Embedded Multiplier Blocks used is only available after a successful fit.


+------------------------------------------------------+
; General Register Statistics                          ;
+----------------------------------------------+-------+
; Statistic                                    ; Value ;
+----------------------------------------------+-------+
; Total registers                              ; 0     ;
; Number of registers using Synchronous Clear  ; 0     ;
; Number of registers using Synchronous Load   ; 0     ;
; Number of registers using Asynchronous Clear ; 0     ;
; Number of registers using Asynchronous Load  ; 0     ;
; Number of registers using Clock Enable       ; 0     ;
; Number of registers using Preset             ; 0     ;
+----------------------------------------------+-------+


+-------------------------------------------------------------------------------------+
; Parameter Settings for Inferred Entity Instance: mul:mul|lpm_mult:Mult0             ;
+------------------------------------------------+--------------+---------------------+
; Parameter Name                                 ; Value        ; Type                ;
+------------------------------------------------+--------------+---------------------+
; AUTO_CARRY_CHAINS                              ; ON           ; AUTO_CARRY          ;
; IGNORE_CARRY_BUFFERS                           ; OFF          ; IGNORE_CARRY        ;
; AUTO_CASCADE_CHAINS                            ; ON           ; AUTO_CASCADE        ;
; IGNORE_CASCADE_BUFFERS                         ; OFF          ; IGNORE_CASCADE      ;
; LPM_WIDTHA                                     ; 9            ; Untyped             ;
; LPM_WIDTHB                                     ; 9            ; Untyped             ;
; LPM_WIDTHP                                     ; 18           ; Untyped             ;
; LPM_WIDTHR                                     ; 18           ; Untyped             ;
; LPM_WIDTHS                                     ; 1            ; Untyped             ;
; LPM_REPRESENTATION                             ; UNSIGNED     ; Untyped             ;
; LPM_PIPELINE                                   ; 0            ; Untyped             ;
; LATENCY                                        ; 0            ; Untyped             ;
; INPUT_A_IS_CONSTANT                            ; NO           ; Untyped             ;
; INPUT_B_IS_CONSTANT                            ; NO           ; Untyped             ;
; USE_EAB                                        ; OFF          ; Untyped             ;
; MAXIMIZE_SPEED                                 ; 5            ; Untyped             ;
; DEVICE_FAMILY                                  ; Cyclone IV E ; Untyped             ;
; CARRY_CHAIN                                    ; MANUAL       ; Untyped             ;
; APEX20K_TECHNOLOGY_MAPPER                      ; LUT          ; TECH_MAPPER_APEX20K ;
; DEDICATED_MULTIPLIER_CIRCUITRY                 ; AUTO         ; Untyped             ;
; DEDICATED_MULTIPLIER_MIN_INPUT_WIDTH_FOR_AUTO  ; 0            ; Untyped             ;
; DEDICATED_MULTIPLIER_MIN_OUTPUT_WIDTH_FOR_AUTO ; 0            ; Untyped             ;
; CBXI_PARAMETER                                 ; mult_eat     ; Untyped             ;
; INPUT_A_FIXED_VALUE                            ; Bx           ; Untyped             ;
; INPUT_B_FIXED_VALUE                            ; Bx           ; Untyped             ;
; USE_AHDL_IMPLEMENTATION                        ; OFF          ; Untyped             ;
+------------------------------------------------+--------------+---------------------+
Note: In order to hide this table in the UI and the text report file, please set the "Show Parameter Settings in Synthesis Report" option in "Analysis and Synthesis Settings -> More Settings" to "Off".


+---------------------------------------------------------------------------------------+
; Parameter Settings for Inferred Entity Instance: mul_extend:mul_extend|lpm_mult:Mult1 ;
+------------------------------------------------+--------------+-----------------------+
; Parameter Name                                 ; Value        ; Type                  ;
+------------------------------------------------+--------------+-----------------------+
; AUTO_CARRY_CHAINS                              ; ON           ; AUTO_CARRY            ;
; IGNORE_CARRY_BUFFERS                           ; OFF          ; IGNORE_CARRY          ;
; AUTO_CASCADE_CHAINS                            ; ON           ; AUTO_CASCADE          ;
; IGNORE_CASCADE_BUFFERS                         ; OFF          ; IGNORE_CASCADE        ;
; LPM_WIDTHA                                     ; 18           ; Untyped               ;
; LPM_WIDTHB                                     ; 9            ; Untyped               ;
; LPM_WIDTHP                                     ; 27           ; Untyped               ;
; LPM_WIDTHR                                     ; 27           ; Untyped               ;
; LPM_WIDTHS                                     ; 1            ; Untyped               ;
; LPM_REPRESENTATION                             ; UNSIGNED     ; Untyped               ;
; LPM_PIPELINE                                   ; 0            ; Untyped               ;
; LATENCY                                        ; 0            ; Untyped               ;
; INPUT_A_IS_CONSTANT                            ; NO           ; Untyped               ;
; INPUT_B_IS_CONSTANT                            ; NO           ; Untyped               ;
; USE_EAB                                        ; OFF          ; Untyped               ;
; MAXIMIZE_SPEED                                 ; 5            ; Untyped               ;
; DEVICE_FAMILY                                  ; Cyclone IV E ; Untyped               ;
; CARRY_CHAIN                                    ; MANUAL       ; Untyped               ;
; APEX20K_TECHNOLOGY_MAPPER                      ; LUT          ; TECH_MAPPER_APEX20K   ;
; DEDICATED_MULTIPLIER_CIRCUITRY                 ; AUTO         ; Untyped               ;
; DEDICATED_MULTIPLIER_MIN_INPUT_WIDTH_FOR_AUTO  ; 0            ; Untyped               ;
; DEDICATED_MULTIPLIER_MIN_OUTPUT_WIDTH_FOR_AUTO ; 0            ; Untyped               ;
; CBXI_PARAMETER                                 ; mult_ubt     ; Untyped               ;
; INPUT_A_FIXED_VALUE                            ; Bx           ; Untyped               ;
; INPUT_B_FIXED_VALUE                            ; Bx           ; Untyped               ;
; USE_AHDL_IMPLEMENTATION                        ; OFF          ; Untyped               ;
+------------------------------------------------+--------------+-----------------------+
Note: In order to hide this table in the UI and the text report file, please set the "Show Parameter Settings in Synthesis Report" option in "Analysis and Synthesis Settings -> More Settings" to "Off".


+------------------------------------------------------------------------------+
; lpm_mult Parameter Settings by Entity Instance                               ;
+---------------------------------------+--------------------------------------+
; Name                                  ; Value                                ;
+---------------------------------------+--------------------------------------+
; Number of entity instances            ; 2                                    ;
; Entity Instance                       ; mul:mul|lpm_mult:Mult0               ;
;     -- LPM_WIDTHA                     ; 9                                    ;
;     -- LPM_WIDTHB                     ; 9                                    ;
;     -- LPM_WIDTHP                     ; 18                                   ;
;     -- LPM_REPRESENTATION             ; UNSIGNED                             ;
;     -- INPUT_A_IS_CONSTANT            ; NO                                   ;
;     -- INPUT_B_IS_CONSTANT            ; NO                                   ;
;     -- USE_EAB                        ; OFF                                  ;
;     -- DEDICATED_MULTIPLIER_CIRCUITRY ; AUTO                                 ;
;     -- INPUT_A_FIXED_VALUE            ; Bx                                   ;
;     -- INPUT_B_FIXED_VALUE            ; Bx                                   ;
; Entity Instance                       ; mul_extend:mul_extend|lpm_mult:Mult1 ;
;     -- LPM_WIDTHA                     ; 18                                   ;
;     -- LPM_WIDTHB                     ; 9                                    ;
;     -- LPM_WIDTHP                     ; 27                                   ;
;     -- LPM_REPRESENTATION             ; UNSIGNED                             ;
;     -- INPUT_A_IS_CONSTANT            ; NO                                   ;
;     -- INPUT_B_IS_CONSTANT            ; NO                                   ;
;     -- USE_EAB                        ; OFF                                  ;
;     -- DEDICATED_MULTIPLIER_CIRCUITRY ; AUTO                                 ;
;     -- INPUT_A_FIXED_VALUE            ; Bx                                   ;
;     -- INPUT_B_FIXED_VALUE            ; Bx                                   ;
+---------------------------------------+--------------------------------------+


+-------------------------------+
; Elapsed Time Per Partition    ;
+----------------+--------------+
; Partition Name ; Elapsed Time ;
+----------------+--------------+
; Top            ; 00:00:00     ;
+----------------+--------------+


+-------------------------------+
; Analysis & Synthesis Messages ;
+-------------------------------+
Info: *******************************************************************
Info: Running Quartus II 64-Bit Analysis & Synthesis
    Info: Version 13.0.1 Build 232 06/12/2013 Service Pack 1 SJ Full Version
    Info: Processing started: Tue May 27 17:30:56 2025
Info: Command: quartus_map --read_settings_files=on --write_settings_files=off top -c top
Info (20030): Parallel compilation is enabled and will use 16 of the 16 processors detected
Info (12021): Found 1 design units, including 1 entities, in source file top.v
    Info (12023): Found entity 1: top
Info (12021): Found 1 design units, including 1 entities, in source file add.v
    Info (12023): Found entity 1: add
Info (12021): Found 1 design units, including 1 entities, in source file mul.v
    Info (12023): Found entity 1: mul
Info (12021): Found 1 design units, including 1 entities, in source file top_tb.v
    Info (12023): Found entity 1: top_tb
Info (12021): Found 1 design units, including 1 entities, in source file mul_extend.v
    Info (12023): Found entity 1: mul_extend
Info (12127): Elaborating entity "top" for the top level hierarchy
Info (12128): Elaborating entity "add" for hierarchy "add:add_1"
Info (12128): Elaborating entity "mul" for hierarchy "mul:mul"
Info (12128): Elaborating entity "mul_extend" for hierarchy "mul_extend:mul_extend"
Info (278001): Inferred 2 megafunctions from design logic
    Info (278003): Inferred multiplier megafunction ("lpm_mult") from the following logic: "mul:mul|Mult0"
    Info (278003): Inferred multiplier megafunction ("lpm_mult") from the following logic: "mul_extend:mul_extend|Mult1"
Info (12130): Elaborated megafunction instantiation "mul:mul|lpm_mult:Mult0"
Info (12133): Instantiated megafunction "mul:mul|lpm_mult:Mult0" with the following parameter:
    Info (12134): Parameter "LPM_WIDTHA" = "9"
    Info (12134): Parameter "LPM_WIDTHB" = "9"
    Info (12134): Parameter "LPM_WIDTHP" = "18"
    Info (12134): Parameter "LPM_WIDTHR" = "18"
    Info (12134): Parameter "LPM_WIDTHS" = "1"
    Info (12134): Parameter "LPM_REPRESENTATION" = "UNSIGNED"
    Info (12134): Parameter "INPUT_A_IS_CONSTANT" = "NO"
    Info (12134): Parameter "INPUT_B_IS_CONSTANT" = "NO"
    Info (12134): Parameter "MAXIMIZE_SPEED" = "5"
Info (12021): Found 1 design units, including 1 entities, in source file db/mult_eat.tdf
    Info (12023): Found entity 1: mult_eat
Info (12130): Elaborated megafunction instantiation "mul_extend:mul_extend|lpm_mult:Mult1"
Info (12133): Instantiated megafunction "mul_extend:mul_extend|lpm_mult:Mult1" with the following parameter:
    Info (12134): Parameter "LPM_WIDTHA" = "18"
    Info (12134): Parameter "LPM_WIDTHB" = "9"
    Info (12134): Parameter "LPM_WIDTHP" = "27"
    Info (12134): Parameter "LPM_WIDTHR" = "27"
    Info (12134): Parameter "LPM_WIDTHS" = "1"
    Info (12134): Parameter "LPM_REPRESENTATION" = "UNSIGNED"
    Info (12134): Parameter "INPUT_A_IS_CONSTANT" = "NO"
    Info (12134): Parameter "INPUT_B_IS_CONSTANT" = "NO"
    Info (12134): Parameter "MAXIMIZE_SPEED" = "5"
Info (12021): Found 1 design units, including 1 entities, in source file db/mult_ubt.tdf
    Info (12023): Found entity 1: mult_ubt
Warning (13024): Output pins are stuck at VCC or GND
    Warning (13410): Pin "out_extend[27]" is stuck at GND
Info (16010): Generating hard_block partition "hard_block:auto_generated_inst"
    Info (16011): Adding 0 node(s), including 0 DDIO, 0 PLL, 0 transceiver and 0 LCELL
Info (21057): Implemented 124 device resources after synthesis - the final resource count might be different
    Info (21058): Implemented 48 input pins
    Info (21059): Implemented 46 output pins
    Info (21061): Implemented 27 logic cells
    Info (21062): Implemented 3 DSP elements
Info: Quartus II 64-Bit Analysis & Synthesis was successful. 0 errors, 2 warnings
    Info: Peak virtual memory: 4594 megabytes
    Info: Processing ended: Tue May 27 17:30:57 2025
    Info: Elapsed time: 00:00:01
    Info: Total CPU time (on all processors): 00:00:01


