C51 COMPILER V9.54   MATRIXKEY                                                             12/22/2024 14:29:31 PAGE 1   


C51 COMPILER V9.54, COMPILATION OF MODULE MATRIXKEY
OBJECT MODULE PLACED IN .\Objects\MatrixKey.obj
COMPILER INVOKED BY: D:\Keil C51\C51\BIN\C51.EXE MatrixKey.c COMPACT WARNINGLEVEL(0) OPTIMIZE(8,SPEED) BROWSE DEBUG OBJE
                    -CTEXTEND PRINT(.\Listings\MatrixKey.lst) OBJECT(.\Objects\MatrixKey.obj)

line level    source

   1          #include <REGX52.H>
   2          #include "Delay.h"
   3          
   4          /**
   5            * @brief  çŸ©é˜µé”®ç›˜è¯»å–æŒ‰é”®é”®ç 
   6            * @param  æ— 
   7            * @retval KeyNumber æŒ‰ä¸‹æŒ‰é”®çš„é”®ç å€¼
   8                                  å¦‚æœæŒ‰é”®æŒ‰ä¸‹ä¸æ”¾ï¼Œç¨‹åºä¼šåœç•™åœ¨æ­¤å‡½æ•°ï¼Œæ¾æ‰‹çš„ä¸€ç¬é—´ï¼Œè¿”å›æŒ‰é”®é”®ç ï¼Œæ²¡æ
             -œ‰æŒ‰é”®æŒ‰ä¸‹æ—¶ï¼Œè¿”å›0
   9            */
  10          char MatrixKey()
  11          {
  12   1              char KeyNumber = '!';
  13   1              
  14   1              P1=0xFF;
  15   1              P1_3=0;
  16   1              if(P1_7==0){Delay(20);while(P1_7==0);Delay(20);KeyNumber='1';}
  17   1              if(P1_6==0){Delay(20);while(P1_6==0);Delay(20);KeyNumber='4';}
  18   1              if(P1_5==0){Delay(20);while(P1_5==0);Delay(20);KeyNumber='7';}
  19   1              if(P1_4==0){Delay(20);while(P1_4==0);Delay(20);KeyNumber='C';}
  20   1              
  21   1              P1=0xFF;
  22   1              P1_2=0;
  23   1              if(P1_7==0){Delay(20);while(P1_7==0);Delay(20);KeyNumber='2';}
  24   1              if(P1_6==0){Delay(20);while(P1_6==0);Delay(20);KeyNumber='5';}
  25   1              if(P1_5==0){Delay(20);while(P1_5==0);Delay(20);KeyNumber='8';}
  26   1              if(P1_4==0){Delay(20);while(P1_4==0);Delay(20);KeyNumber='0';}
  27   1              
  28   1              P1=0xFF;
  29   1              P1_1=0;
  30   1              if(P1_7==0){Delay(20);while(P1_7==0);Delay(20);KeyNumber='3';}
  31   1              if(P1_6==0){Delay(20);while(P1_6==0);Delay(20);KeyNumber='6';}
  32   1              if(P1_5==0){Delay(20);while(P1_5==0);Delay(20);KeyNumber='9';}
  33   1              if(P1_4==0){Delay(20);while(P1_4==0);Delay(20);KeyNumber='=';}
  34   1              
  35   1              P1=0xFF;
  36   1              P1_0=0;
  37   1              if(P1_7==0){Delay(20);while(P1_7==0);Delay(20);KeyNumber='+';}
  38   1              if(P1_6==0){Delay(20);while(P1_6==0);Delay(20);KeyNumber='-';}
  39   1              if(P1_5==0){Delay(20);while(P1_5==0);Delay(20);KeyNumber='*';}
  40   1              if(P1_4==0){Delay(20);while(P1_4==0);Delay(20);KeyNumber='/';}
  41   1              
  42   1              return KeyNumber;
  43   1      }


MODULE INFORMATION:   STATIC OVERLAYABLE
   CODE SIZE        =    430    ----
   CONSTANT SIZE    =   ----    ----
   XDATA SIZE       =   ----    ----
   PDATA SIZE       =   ----       1
   DATA SIZE        =   ----    ----
   IDATA SIZE       =   ----    ----
   BIT SIZE         =   ----    ----
C51 COMPILER V9.54   MATRIXKEY                                                             12/22/2024 14:29:31 PAGE 2   

END OF MODULE INFORMATION.


C51 COMPILATION COMPLETE.  0 WARNING(S),  0 ERROR(S)
