Flow report for d_flip_flop
Wed May 28 17:00:49 2025
Quartus II 64-Bit Version 13.0.1 Build 232 06/12/2013 Service Pack 1 SJ Full Version


---------------------
; Table of Contents ;
---------------------
  1. Legal Notice
  2. Flow Summary
  3. Flow Settings
  4. Flow Non-Default Global Settings
  5. Flow Elapsed Time
  6. Flow OS Summary
  7. Flow Log
  8. Flow Messages
  9. Flow Suppressed Messages



----------------
; Legal Notice ;
----------------
Copyright (C) 1991-2013 Altera Corporation
Your use of Altera Corporation's design tools, logic functions 
and other software and tools, and its AMPP partner logic 
functions, and any output files from any of the foregoing 
(including device programming or simulation files), and any 
associated documentation or information are expressly subject 
to the terms and conditions of the Altera Program License 
Subscription Agreement, Altera MegaCore Function License 
Agreement, or other applicable license agreement, including, 
without limitation, that your use is for the sole purpose of 
programming logic devices manufactured by Altera and sold by 
Altera or its authorized distributors.  Please refer to the 
applicable agreement for further details.



+---------------------------------------------------------------------------------------+
; Flow Summary                                                                          ;
+------------------------------------+--------------------------------------------------+
; Flow Status                        ; Successful - Wed May 28 17:00:49 2025            ;
; Quartus II 64-Bit Version          ; 13.0.1 Build 232 06/12/2013 SP 1 SJ Full Version ;
; Revision Name                      ; d_flip_flop                                      ;
; Top-level Entity Name              ; d_flip_flop                                      ;
; Family                             ; Cyclone IV GX                                    ;
; Total logic elements               ; 1 / 14,400 ( < 1 % )                             ;
;     Total combinational functions  ; 0 / 14,400 ( 0 % )                               ;
;     Dedicated logic registers      ; 1 / 14,400 ( < 1 % )                             ;
; Total registers                    ; 1                                                ;
; Total pins                         ; 4 / 81 ( 5 % )                                   ;
; Total virtual pins                 ; 0                                                ;
; Total memory bits                  ; 0 / 552,960 ( 0 % )                              ;
; Embedded Multiplier 9-bit elements ; 0                                                ;
; Total GXB Receiver Channel PCS     ; 0 / 2 ( 0 % )                                    ;
; Total GXB Receiver Channel PMA     ; 0 / 2 ( 0 % )                                    ;
; Total GXB Transmitter Channel PCS  ; 0 / 2 ( 0 % )                                    ;
; Total GXB Transmitter Channel PMA  ; 0 / 2 ( 0 % )                                    ;
; Total PLLs                         ; 0 / 3 ( 0 % )                                    ;
; Device                             ; EP4CGX15BF14C6                                   ;
; Timing Models                      ; Final                                            ;
+------------------------------------+--------------------------------------------------+


+-----------------------------------------+
; Flow Settings                           ;
+-------------------+---------------------+
; Option            ; Setting             ;
+-------------------+---------------------+
; Start date & time ; 05/28/2025 17:00:36 ;
; Main task         ; Compilation         ;
; Revision Name     ; d_flip_flop         ;
+-------------------+---------------------+


+----------------------------------------------------------------------------------------------------------------------+
; Flow Non-Default Global Settings                                                                                     ;
+--------------------------------------+--------------------------------+---------------+-------------+----------------+
; Assignment Name                      ; Value                          ; Default Value ; Entity Name ; Section Id     ;
+--------------------------------------+--------------------------------+---------------+-------------+----------------+
; COMPILER_SIGNATURE_ID                ; 18072583859173.174842283621216 ; --            ; --          ; --             ;
; EDA_DESIGN_INSTANCE_NAME             ; NA                             ; --            ; --          ; d_flip_flop_tb ;
; EDA_NATIVELINK_SIMULATION_TEST_BENCH ; d_flip_flop_tb                 ; --            ; --          ; eda_simulation ;
; EDA_OUTPUT_DATA_FORMAT               ; Verilog Hdl                    ; --            ; --          ; eda_simulation ;
; EDA_SIMULATION_TOOL                  ; ModelSim (Verilog)             ; <None>        ; --          ; --             ;
; EDA_TEST_BENCH_ENABLE_STATUS         ; TEST_BENCH_MODE                ; --            ; --          ; eda_simulation ;
; EDA_TEST_BENCH_FILE                  ; d_flip_flop_tb.v               ; --            ; --          ; d_flip_flop_tb ;
; EDA_TEST_BENCH_MODULE_NAME           ; d_flip_flop_tb                 ; --            ; --          ; d_flip_flop_tb ;
; EDA_TEST_BENCH_NAME                  ; d_flip_flop_tb                 ; --            ; --          ; eda_simulation ;
; EDA_TIME_SCALE                       ; 1 ps                           ; --            ; --          ; eda_simulation ;
; PARTITION_COLOR                      ; 16764057                       ; --            ; --          ; Top            ;
; PARTITION_FITTER_PRESERVATION_LEVEL  ; PLACEMENT_AND_ROUTING          ; --            ; --          ; Top            ;
; PARTITION_NETLIST_TYPE               ; SOURCE                         ; --            ; --          ; Top            ;
; PROJECT_OUTPUT_DIRECTORY             ; output_files                   ; --            ; --          ; --             ;
+--------------------------------------+--------------------------------+---------------+-------------+----------------+


+-------------------------------------------------------------------------------------------------------------------------------+
; Flow Elapsed Time                                                                                                             ;
+---------------------------+--------------+-------------------------+---------------------+------------------------------------+
; Module Name               ; Elapsed Time ; Average Processors Used ; Peak Virtual Memory ; Total CPU Time (on all processors) ;
+---------------------------+--------------+-------------------------+---------------------+------------------------------------+
; Analysis & Synthesis      ; 00:00:02     ; 1.0                     ; 4690 MB             ; 00:00:01                           ;
; Fitter                    ; 00:00:04     ; 1.0                     ; 6041 MB             ; 00:00:05                           ;
; Assembler                 ; 00:00:01     ; 1.0                     ; 4619 MB             ; 00:00:01                           ;
; TimeQuest Timing Analyzer ; 00:00:02     ; 1.0                     ; 4715 MB             ; 00:00:02                           ;
; EDA Netlist Writer        ; 00:00:01     ; 1.0                     ; 4576 MB             ; 00:00:01                           ;
; Total                     ; 00:00:10     ; --                      ; --                  ; 00:00:10                           ;
+---------------------------+--------------+-------------------------+---------------------+------------------------------------+


+----------------------------------------------------------------------------------------+
; Flow OS Summary                                                                        ;
+---------------------------+------------------+-----------+------------+----------------+
; Module Name               ; Machine Hostname ; OS Name   ; OS Version ; Processor type ;
+---------------------------+------------------+-----------+------------+----------------+
; Analysis & Synthesis      ; Bnz              ; Windows 7 ; 6.2        ; x86_64         ;
; Fitter                    ; Bnz              ; Windows 7 ; 6.2        ; x86_64         ;
; Assembler                 ; Bnz              ; Windows 7 ; 6.2        ; x86_64         ;
; TimeQuest Timing Analyzer ; Bnz              ; Windows 7 ; 6.2        ; x86_64         ;
; EDA Netlist Writer        ; Bnz              ; Windows 7 ; 6.2        ; x86_64         ;
+---------------------------+------------------+-----------+------------+----------------+


------------
; Flow Log ;
------------
quartus_map --read_settings_files=on --write_settings_files=off d_flip_flop -c d_flip_flop
quartus_fit --read_settings_files=off --write_settings_files=off d_flip_flop -c d_flip_flop
quartus_asm --read_settings_files=off --write_settings_files=off d_flip_flop -c d_flip_flop
quartus_sta d_flip_flop -c d_flip_flop
quartus_eda --read_settings_files=off --write_settings_files=off d_flip_flop -c d_flip_flop



