C51 COMPILER V9.54   TIMER0                                                                06/16/2024 14:15:34 PAGE 1   


C51 COMPILER V9.54, COMPILATION OF MODULE TIMER0
OBJECT MODULE PLACED IN .\Objects\Timer0.obj
COMPILER INVOKED BY: D:\Keil C51\C51\BIN\C51.EXE Timer0.c OPTIMIZE(8,SPEED) BROWSE DEBUG OBJECTEXTEND PRINT(.\Listings\T
                    -imer0.lst) OBJECT(.\Objects\Timer0.obj)

line level    source

   1          #include <REGX52.H>
   2           
   3          void Timer0Init(void)
   4          {
   5   1              TMOD &= 0xF0;           
   6   1              TMOD |= 0x01;           
   7   1              TL0 = 0x18;             
   8   1              TH0 = 0xFC;             
   9   1              TF0 = 0;                
  10   1              TR0 = 1;                
  11   1              ET0=1;
  12   1              EA=1;
  13   1              PT0=0;
  14   1      }


MODULE INFORMATION:   STATIC OVERLAYABLE
   CODE SIZE        =     23    ----
   CONSTANT SIZE    =   ----    ----
   XDATA SIZE       =   ----    ----
   PDATA SIZE       =   ----    ----
   DATA SIZE        =   ----    ----
   IDATA SIZE       =   ----    ----
   BIT SIZE         =   ----    ----
END OF MODULE INFORMATION.


C51 COMPILATION COMPLETE.  0 WARNING(S),  0 ERROR(S)
