C51 COMPILER V9.54   MAIN                                                                  03/17/2024 16:52:38 PAGE 1   


C51 COMPILER V9.54, COMPILATION OF MODULE MAIN
OBJECT MODULE PLACED IN .\Objects\main.obj
COMPILER INVOKED BY: D:\Keil C51\C51\BIN\C51.EXE main.c OPTIMIZE(8,SPEED) BROWSE DEBUG OBJECTEXTEND PRINT(.\Listings\mai
                    -n.lst) OBJECT(.\Objects\main.obj)

line level    source

   1          #include <reg52.h>
   2          
   3          sbit P1_0=P1^0;
   4          sbit P1_1=P1^1;
   5          
   6          void Delay(unsigned int xms)
   7          {
   8   1              unsigned char i, j;
   9   1              while(xms--)
  10   1              {
  11   2                      i = 2;
  12   2                      j = 239;
  13   2                      do
  14   2                      {
  15   3                              while (--j);
  16   3                      } while (--i);
  17   2              }
  18   1      }
  19          
  20          unsigned char key,a=0;
  21          
  22          void main()
  23          {
  24   1              while(1)
  25   1              {
  26   2                      
  27   2                              Delay(10);
  28   2                              if(P1_0==0)
  29   2                              {
  30   3                                      key=1;
  31   3                              }
  32   2                              else if(P1_1==0)
  33   2                              {
  34   3                                      key=2;
  35   3                              }
  36   2                      }
  37   1                      switch(key)
  38   1                      {
  39   2                              case 1:a=0xf0;break;
  40   2                              case 2:a=0xaa;break;
  41   2                              default:a=0xff;break;
  42   2                      }
  43   1                      P0 = ~a; // 将LED_STATUS取反后输出至P0口以控制LED的亮灭
  44   1              key = 0;
  45   1      }
*** WARNING C294 IN LINE 37 OF main.c: unreachable code


MODULE INFORMATION:   STATIC OVERLAYABLE
   CODE SIZE        =     44    ----
   CONSTANT SIZE    =   ----    ----
   XDATA SIZE       =   ----    ----
   PDATA SIZE       =   ----    ----
   DATA SIZE        =      2    ----
C51 COMPILER V9.54   MAIN                                                                  03/17/2024 16:52:38 PAGE 2   

   IDATA SIZE       =   ----    ----
   BIT SIZE         =   ----    ----
END OF MODULE INFORMATION.


C51 COMPILATION COMPLETE.  1 WARNING(S),  0 ERROR(S)
