C51 COMPILER V9.54   LCD                                                                   06/22/2024 20:39:14 PAGE 1   


C51 COMPILER V9.54, COMPILATION OF MODULE LCD
OBJECT MODULE PLACED IN .\Objects\lcd.obj
COMPILER INVOKED BY: D:\Keil C51\C51\BIN\C51.EXE lcd.c LARGE OPTIMIZE(8,SPEED) BROWSE DEBUG OBJECTEXTEND PRINT(.\Listing
                    -s\lcd.lst) OBJECT(.\Objects\lcd.obj)

line level    source

   1          #include "lcd.h"
   2          
   3          /*******************************************************************************
   4          * 函 数 名         : Lcd1602_Delay1ms
   5          * 函数功能                 : 延时函数，延时1ms
   6          * 输    入         : c
   7          * 输    出         : 无
   8          * 说    名         : 该函数是在12MHZ晶振下，12分频单片机的延时。
   9          *******************************************************************************/
  10          
  11          void Lcd1602_Delay1ms(uint c)   //误差 0us
  12          {
  13   1          uchar a,b;
  14   1              for (; c>0; c--)
  15   1              {
  16   2                       for (b=50;b>0;b--)
  17   2                       {
  18   3                              for(a=1;a>0;a--);
  19   3                       }      
  20   2              }
  21   1              
  22   1      }
  23          
  24          void LcdWriteCom(uchar com)       //写入命令
  25          {
  26   1              LCD1602_E = 0;     //使能
  27   1              LCD1602_RS = 0;    //选择发送命令
  28   1              LCD1602_RW = 0;    //选择写入
  29   1              
  30   1              LCD1602_DATAPINS = com;     //放入命令
  31   1              Lcd1602_Delay1ms(1);            //等待数据稳定
  32   1      
  33   1              LCD1602_E = 1;            //写入时序
  34   1              Lcd1602_Delay1ms(5);      //保持时间
  35   1              LCD1602_E = 0;
  36   1      }
  37          
  38          /*******************************************************************************
  39          * 函 数 名         : LcdWriteData
  40          * 函数功能                 : 向LCD写入一个字节的数据
  41          * 输    入         : dat
  42          * 输    出         : 无
  43          *******************************************************************************/                   
  44            
  45          void LcdWriteData(uchar dat)                    //写入数据
  46          {
  47   1              LCD1602_E = 0;  //使能清零
  48   1              LCD1602_RS = 1; //选择输入数据
  49   1              LCD1602_RW = 0; //选择写入
  50   1      
  51   1              LCD1602_DATAPINS = dat; //写入数据
  52   1              Lcd1602_Delay1ms(1);
  53   1      
  54   1              LCD1602_E = 1;   //写入时序
C51 COMPILER V9.54   LCD                                                                   06/22/2024 20:39:14 PAGE 2   

  55   1              Lcd1602_Delay1ms(5);   //保持时间
  56   1              LCD1602_E = 0;
  57   1      }
  58          
  59          /*******************************************************************************
  60          * 函 数 名       : LcdInit()
  61          * 函数功能               : 初始化LCD屏
  62          * 输    入       : 无
  63          * 输    出       : 无
  64          *******************************************************************************/                   
  65          
  66          void LcdInit()                                            //LCD初始化子程序
  67          {
  68   1              LcdWriteCom(0x38);  //开显示
  69   1              LcdWriteCom(0x0c);  //开显示不显示光标
  70   1              LcdWriteCom(0x06);  //写一个指针加1
  71   1              LcdWriteCom(0x01);  //清屏
  72   1              LcdWriteCom(0x80);  //设置数据指针起点
  73   1      }
  74          


MODULE INFORMATION:   STATIC OVERLAYABLE
   CODE SIZE        =     87    ----
   CONSTANT SIZE    =   ----    ----
   XDATA SIZE       =   ----    ----
   PDATA SIZE       =   ----    ----
   DATA SIZE        =   ----    ----
   IDATA SIZE       =   ----    ----
   BIT SIZE         =   ----    ----
END OF MODULE INFORMATION.


C51 COMPILATION COMPLETE.  0 WARNING(S),  0 ERROR(S)
